
Classe: iris_setosa, Taxa de aprendizagem: 0.1

Epoca #1
Total de erros: 1
Epoca #2
Total de erros: 3
Epoca #3
Total de erros: 2
Epoca #4
Total de erros: 1
Epoca #5
Total de erros: 0
Epoca #6
Total de erros: 0
Epoca #7
Total de erros: 0
Epoca #8
Total de erros: 0
Epoca #9
Total de erros: 0
Epoca #10
Total de erros: 0
Epoca #11
Total de erros: 0
Epoca #12
Total de erros: 0
Epoca #13
Total de erros: 0
Epoca #14
Total de erros: 0
Epoca #15
Total de erros: 0
Epoca #16
Total de erros: 0
Epoca #17
Total de erros: 0
Epoca #18
Total de erros: 0
Epoca #19
Total de erros: 0
Epoca #20
Total de erros: 0
Epoca #21
Total de erros: 0
Epoca #22
Total de erros: 0
Epoca #23
Total de erros: 0
Epoca #24
Total de erros: 0
Epoca #25
Total de erros: 0
Epoca #26
Total de erros: 0
Epoca #27
Total de erros: 0
Epoca #28
Total de erros: 0
Epoca #29
Total de erros: 0
Epoca #30
Total de erros: 0
Histórico de pesos: 
[0.1, 0.0, 0.2, 0.5]
[-0.6000000000000001, -0.32000000000000006, -0.27, 0.36]
[-0.09000000000000008, 0.02999999999999997, -0.13000000000000003, 0.38]
[0.39999999999999997, 0.33, 0.009999999999999953, 0.4]
[-0.3000000000000001, 0.009999999999999953, -0.4600000000000001, 0.26]
[0.2099999999999999, 0.36, -0.32000000000000006, 0.28]
[-0.49000000000000016, 0.039999999999999925, -0.79, 0.14000000000000004]
Peso definido: 
[0.01999999999999985, 0.38999999999999996, -0.65, 0.16000000000000003]
Número de erros no teste: 0
Taxa de aprendizagem: 1.0

Epoca #1
Total de erros: 1
Epoca #2
Total de erros: 3
Epoca #3
Total de erros: 1
Epoca #4
Total de erros: 0
Epoca #5
Total de erros: 0
Epoca #6
Total de erros: 0
Epoca #7
Total de erros: 0
Epoca #8
Total de erros: 0
Epoca #9
Total de erros: 0
Epoca #10
Total de erros: 0
Epoca #11
Total de erros: 0
Epoca #12
Total de erros: 0
Epoca #13
Total de erros: 0
Epoca #14
Total de erros: 0
Epoca #15
Total de erros: 0
Epoca #16
Total de erros: 0
Epoca #17
Total de erros: 0
Epoca #18
Total de erros: 0
Epoca #19
Total de erros: 0
Epoca #20
Total de erros: 0
Epoca #21
Total de erros: 0
Epoca #22
Total de erros: 0
Epoca #23
Total de erros: 0
Epoca #24
Total de erros: 0
Epoca #25
Total de erros: 0
Epoca #26
Total de erros: 0
Epoca #27
Total de erros: 0
Epoca #28
Total de erros: 0
Epoca #29
Total de erros: 0
Epoca #30
Total de erros: 0
Histórico de pesos: 
[0.0, 0.2, 0.8, 0.8]
[-7.0, -3.0, -3.9000000000000004, -0.5999999999999999]
[-1.9000000000000004, 0.5, -2.5000000000000004, -0.39999999999999986]
[3.0, 3.5, -1.1000000000000005, -0.19999999999999984]
[-4.0, 0.2999999999999998, -5.800000000000001, -1.5999999999999996]
Peso definido: 
[1.0999999999999996, 3.8, -4.4, -1.3999999999999997]
Número de erros no teste: 1
Taxa de aprendizagem: 10.0

Epoca #1
Total de erros: 1
Epoca #2
Total de erros: 3
Epoca #3
Total de erros: 1
Epoca #4
Total de erros: 0
Epoca #5
Total de erros: 0
Epoca #6
Total de erros: 0
Epoca #7
Total de erros: 0
Epoca #8
Total de erros: 0
Epoca #9
Total de erros: 0
Epoca #10
Total de erros: 0
Epoca #11
Total de erros: 0
Epoca #12
Total de erros: 0
Epoca #13
Total de erros: 0
Epoca #14
Total de erros: 0
Epoca #15
Total de erros: 0
Epoca #16
Total de erros: 0
Epoca #17
Total de erros: 0
Epoca #18
Total de erros: 0
Epoca #19
Total de erros: 0
Epoca #20
Total de erros: 0
Epoca #21
Total de erros: 0
Epoca #22
Total de erros: 0
Epoca #23
Total de erros: 0
Epoca #24
Total de erros: 0
Epoca #25
Total de erros: 0
Epoca #26
Total de erros: 0
Epoca #27
Total de erros: 0
Epoca #28
Total de erros: 0
Epoca #29
Total de erros: 0
Epoca #30
Total de erros: 0
Histórico de pesos: 
[0.8, 0.4, 0.6, 1.0]
[-69.2, -31.6, -46.4, -13.0]
[-18.200000000000003, 3.3999999999999986, -32.4, -11.0]
[30.799999999999997, 33.4, -18.4, -9.0]
[-39.2, 1.3999999999999986, -65.4, -23.0]
Peso definido: 
[11.799999999999997, 36.4, -51.400000000000006, -21.0]
Número de erros no teste: 0
Média de erros: 0.3333333333333333
Desvio: 0.4714045207910317
Classe: iris_virginica, Taxa de aprendizagem: 0.1

Epoca #1
Total de erros: 4
Epoca #2
Total de erros: 3
Epoca #3
Total de erros: 2
Epoca #4
Total de erros: 2
Epoca #5
Total de erros: 2
Epoca #6
Total de erros: 2
Epoca #7
Total de erros: 2
Epoca #8
Total de erros: 2
Epoca #9
Total de erros: 2
Epoca #10
Total de erros: 2
Epoca #11
Total de erros: 2
Epoca #12
Total de erros: 2
Epoca #13
Total de erros: 2
Epoca #14
Total de erros: 2
Epoca #15
Total de erros: 2
Epoca #16
Total de erros: 2
Epoca #17
Total de erros: 2
Epoca #18
Total de erros: 2
Epoca #19
Total de erros: 2
Epoca #20
Total de erros: 2
Epoca #21
Total de erros: 2
Epoca #22
Total de erros: 2
Epoca #23
Total de erros: 2
Epoca #24
Total de erros: 2
Epoca #25
Total de erros: 2
Epoca #26
Total de erros: 2
Epoca #27
Total de erros: 2
Epoca #28
Total de erros: 2
Epoca #29
Total de erros: 2
Epoca #30
Total de erros: 2
Epoca #31
Total de erros: 2
Epoca #32
Total de erros: 2
Epoca #33
Total de erros: 2
Epoca #34
Total de erros: 2
Epoca #35
Total de erros: 2
Epoca #36
Total de erros: 2
Epoca #37
Total de erros: 2
Epoca #38
Total de erros: 2
Epoca #39
Total de erros: 2
Epoca #40
Total de erros: 2
Epoca #41
Total de erros: 2
Epoca #42
Total de erros: 2
Epoca #43
Total de erros: 2
Epoca #44
Total de erros: 2
Epoca #45
Total de erros: 2
Epoca #46
Total de erros: 2
Epoca #47
Total de erros: 2
Epoca #48
Total de erros: 2
Epoca #49
Total de erros: 2
Epoca #50
Total de erros: 2
Epoca #51
Total de erros: 2
Epoca #52
Total de erros: 2
Epoca #53
Total de erros: 2
Epoca #54
Total de erros: 2
Epoca #55
Total de erros: 2
Epoca #56
Total de erros: 2
Epoca #57
Total de erros: 2
Epoca #58
Total de erros: 2
Epoca #59
Total de erros: 2
Epoca #60
Total de erros: 2
Epoca #61
Total de erros: 2
Epoca #62
Total de erros: 2
Epoca #63
Total de erros: 2
Epoca #64
Total de erros: 2
Epoca #65
Total de erros: 2
Epoca #66
Total de erros: 2
Epoca #67
Total de erros: 2
Epoca #68
Total de erros: 2
Epoca #69
Total de erros: 2
Epoca #70
Total de erros: 2
Epoca #71
Total de erros: 2
Epoca #72
Total de erros: 3
Epoca #73
Total de erros: 2
Epoca #74
Total de erros: 2
Epoca #75
Total de erros: 2
Epoca #76
Total de erros: 2
Epoca #77
Total de erros: 2
Epoca #78
Total de erros: 2
Epoca #79
Total de erros: 2
Epoca #80
Total de erros: 2
Epoca #81
Total de erros: 2
Epoca #82
Total de erros: 2
Epoca #83
Total de erros: 2
Epoca #84
Total de erros: 2
Epoca #85
Total de erros: 2
Epoca #86
Total de erros: 2
Epoca #87
Total de erros: 3
Epoca #88
Total de erros: 4
Epoca #89
Total de erros: 3
Epoca #90
Total de erros: 3
Epoca #91
Total de erros: 3
Epoca #92
Total de erros: 3
Epoca #93
Total de erros: 4
Epoca #94
Total de erros: 3
Epoca #95
Total de erros: 3
Epoca #96
Total de erros: 3
Epoca #97
Total de erros: 2
Epoca #98
Total de erros: 2
Epoca #99
Total de erros: 2
Epoca #100
Total de erros: 2
Epoca #101
Total de erros: 2
Epoca #102
Total de erros: 2
Epoca #103
Total de erros: 2
Epoca #104
Total de erros: 3
Epoca #105
Total de erros: 3
Epoca #106
Total de erros: 2
Epoca #107
Total de erros: 2
Epoca #108
Total de erros: 2
Epoca #109
Total de erros: 2
Epoca #110
Total de erros: 2
Epoca #111
Total de erros: 2
Epoca #112
Total de erros: 2
Epoca #113
Total de erros: 0
Histórico de pesos: 
[0.9, 0.8, 0.2, 1.0]
[0.39, 0.45, 0.060000000000000026, 0.98]
[-0.10000000000000003, 0.14999999999999997, -0.07999999999999996, 0.96]
[-0.5700000000000001, -0.1700000000000001, -0.20999999999999996, 0.94]
[0.05999999999999994, 0.15999999999999992, 0.3900000000000001, 1.19]
[-0.45000000000000007, -0.1900000000000001, 0.2500000000000001, 1.17]
[-1.04, -0.5100000000000002, -0.22999999999999987, 0.9899999999999999]
[-0.41000000000000003, -0.18000000000000022, 0.3700000000000002, 1.2399999999999998]
[-1.11, -0.5000000000000002, -0.09999999999999981, 1.0999999999999999]
[-0.4800000000000001, -0.1700000000000002, 0.5000000000000002, 1.3499999999999999]
[-1.1800000000000002, -0.49000000000000027, 0.030000000000000193, 1.21]
[-0.5500000000000002, -0.16000000000000025, 0.6300000000000003, 1.46]
[-1.2500000000000002, -0.4800000000000003, 0.1600000000000003, 1.32]
[-0.6200000000000002, -0.1500000000000003, 0.7600000000000005, 1.57]
[-1.3200000000000003, -0.47000000000000036, 0.2900000000000004, 1.4300000000000002]
[-0.6900000000000003, -0.14000000000000035, 0.8900000000000006, 1.6800000000000002]
[-1.3900000000000003, -0.4600000000000004, 0.42000000000000054, 1.5400000000000003]
[-0.7600000000000003, -0.1300000000000004, 1.0200000000000007, 1.7900000000000003]
[-1.4600000000000004, -0.45000000000000046, 0.5500000000000007, 1.6500000000000004]
[-0.8300000000000004, -0.12000000000000044, 1.1500000000000008, 1.9000000000000004]
[-1.5300000000000005, -0.4400000000000005, 0.6800000000000008, 1.7600000000000005]
[-0.9000000000000005, -0.11000000000000049, 1.280000000000001, 2.0100000000000007]
[-1.6000000000000005, -0.43000000000000055, 0.8100000000000009, 1.8700000000000008]
[-0.9700000000000005, -0.10000000000000053, 1.410000000000001, 2.120000000000001]
[-1.6700000000000006, -0.4200000000000006, 0.9400000000000011, 1.980000000000001]
[-1.0400000000000005, -0.09000000000000058, 1.5400000000000011, 2.2300000000000013]
[-1.7400000000000007, -0.41000000000000064, 1.0700000000000012, 2.090000000000001]
[-1.1100000000000008, -0.08000000000000063, 1.6700000000000013, 2.340000000000001]
[-1.810000000000001, -0.4000000000000007, 1.2000000000000013, 2.200000000000001]
[-1.180000000000001, -0.07000000000000067, 1.8000000000000014, 2.450000000000001]
[-1.8800000000000012, -0.39000000000000073, 1.3300000000000014, 2.310000000000001]
[-1.3000000000000012, -0.12000000000000072, 1.8400000000000014, 2.500000000000001]
[-2.0000000000000013, -0.4400000000000008, 1.3700000000000014, 2.3600000000000008]
[-1.4200000000000013, -0.17000000000000076, 1.8800000000000014, 2.5500000000000007]
[-2.1200000000000014, -0.4900000000000008, 1.4100000000000015, 2.4100000000000006]
[-1.4900000000000015, -0.1600000000000008, 2.0100000000000016, 2.6600000000000006]
[-2.1900000000000017, -0.48000000000000087, 1.5400000000000016, 2.5200000000000005]
[-1.6100000000000017, -0.21000000000000085, 2.0500000000000016, 2.7100000000000004]
[-2.310000000000002, -0.5300000000000009, 1.5800000000000016, 2.5700000000000003]
[-1.680000000000002, -0.2000000000000009, 2.1800000000000015, 2.8200000000000003]
[-2.380000000000002, -0.5200000000000009, 1.7100000000000015, 2.68]
[-1.800000000000002, -0.2500000000000009, 2.2200000000000015, 2.87]
[-2.500000000000002, -0.570000000000001, 1.7500000000000016, 2.73]
[-1.8700000000000023, -0.24000000000000093, 2.3500000000000014, 2.98]
[-2.5700000000000025, -0.5600000000000009, 1.8800000000000014, 2.84]
[-1.9900000000000024, -0.2900000000000009, 2.3900000000000015, 3.03]
[-2.6900000000000026, -0.610000000000001, 1.9200000000000015, 2.8899999999999997]
[-2.0600000000000027, -0.28000000000000097, 2.5200000000000014, 3.1399999999999997]
[-2.760000000000003, -0.600000000000001, 2.050000000000001, 2.9999999999999996]
[-2.180000000000003, -0.33000000000000096, 2.5600000000000014, 3.1899999999999995]
[-2.880000000000003, -0.650000000000001, 2.090000000000001, 3.0499999999999994]
[-2.250000000000003, -0.320000000000001, 2.6900000000000013, 3.2999999999999994]
[-2.9500000000000033, -0.640000000000001, 2.220000000000001, 3.1599999999999993]
[-2.370000000000003, -0.370000000000001, 2.7300000000000013, 3.349999999999999]
[-3.0100000000000033, -0.6900000000000011, 2.280000000000001, 3.1999999999999993]
[-2.4300000000000033, -0.42000000000000104, 2.790000000000001, 3.3899999999999992]
[-3.0700000000000034, -0.7400000000000011, 2.3400000000000007, 3.2399999999999993]
[-2.4900000000000033, -0.4700000000000011, 2.8500000000000005, 3.4299999999999993]
[-3.1300000000000034, -0.7900000000000011, 2.4000000000000004, 3.2799999999999994]
[-2.5500000000000034, -0.5200000000000011, 2.91, 3.4699999999999993]
[-3.1900000000000035, -0.8400000000000012, 2.46, 3.3199999999999994]
[-2.6100000000000034, -0.5700000000000012, 2.9699999999999998, 3.5099999999999993]
[-3.2500000000000036, -0.8900000000000012, 2.5199999999999996, 3.3599999999999994]
[-2.6700000000000035, -0.6200000000000012, 3.0299999999999994, 3.5499999999999994]
[-3.2200000000000033, -0.8500000000000012, 2.6299999999999994, 3.4199999999999995]
[-2.6400000000000032, -0.5800000000000012, 3.1399999999999997, 3.6099999999999994]
[-3.2800000000000034, -0.9000000000000012, 2.6899999999999995, 3.4599999999999995]
[-2.7000000000000033, -0.6300000000000012, 3.1999999999999993, 3.6499999999999995]
[-3.3400000000000034, -0.9500000000000013, 2.749999999999999, 3.4999999999999996]
[-2.7600000000000033, -0.6800000000000013, 3.259999999999999, 3.6899999999999995]
[-3.4000000000000035, -1.0000000000000013, 2.8099999999999987, 3.5399999999999996]
[-2.8200000000000034, -0.7300000000000013, 3.3199999999999985, 3.7299999999999995]
[-3.4600000000000035, -1.0500000000000014, 2.8699999999999983, 3.5799999999999996]
[-2.8800000000000034, -0.7800000000000014, 3.379999999999998, 3.7699999999999996]
[-3.4300000000000033, -1.0100000000000013, 2.979999999999998, 3.6399999999999997]
[-2.850000000000003, -0.7400000000000013, 3.4899999999999984, 3.8299999999999996]
[-3.4900000000000033, -1.0600000000000014, 3.0399999999999983, 3.6799999999999997]
[-2.9100000000000033, -0.7900000000000014, 3.549999999999998, 3.8699999999999997]
[-3.5500000000000034, -1.1100000000000014, 3.099999999999998, 3.7199999999999998]
[-2.9700000000000033, -0.8400000000000014, 3.6099999999999977, 3.9099999999999997]
[-3.6100000000000034, -1.1600000000000015, 3.1599999999999975, 3.76]
[-3.0300000000000034, -0.8900000000000015, 3.6699999999999973, 3.9499999999999997]
[-3.6700000000000035, -1.2100000000000015, 3.219999999999997, 3.8]
[-3.0900000000000034, -0.9400000000000015, 3.729999999999997, 3.9899999999999998]
[-3.7800000000000034, -1.2500000000000016, 3.2399999999999967, 3.84]
[-3.2000000000000033, -0.9800000000000015, 3.7499999999999964, 4.03]
[-3.7500000000000036, -1.2100000000000015, 3.3499999999999965, 3.9000000000000004]
[-3.1700000000000035, -0.9400000000000015, 3.8599999999999968, 4.090000000000001]
[-3.8100000000000036, -1.2600000000000016, 3.4099999999999966, 3.940000000000001]
[-3.2300000000000035, -0.9900000000000015, 3.9199999999999964, 4.130000000000001]
[-3.9200000000000035, -1.3000000000000016, 3.429999999999996, 3.980000000000001]
[-3.3400000000000034, -1.0300000000000016, 3.939999999999996, 4.170000000000001]
[-3.8900000000000032, -1.2600000000000016, 3.539999999999996, 4.040000000000001]
[-3.310000000000003, -0.9900000000000015, 4.049999999999996, 4.230000000000001]
[-3.9500000000000033, -1.3100000000000016, 3.599999999999996, 4.080000000000001]
[-3.370000000000003, -1.0400000000000016, 4.109999999999996, 4.270000000000001]
[-4.010000000000003, -1.3600000000000017, 3.6599999999999957, 4.120000000000001]
[-3.4300000000000033, -1.0900000000000016, 4.1699999999999955, 4.310000000000001]
[-3.980000000000003, -1.3200000000000016, 3.7699999999999956, 4.1800000000000015]
[-3.270000000000003, -1.0200000000000016, 4.359999999999996, 4.3900000000000015]
[-3.9700000000000033, -1.3400000000000016, 3.8899999999999957, 4.250000000000002]
[-3.2600000000000033, -1.0400000000000016, 4.479999999999996, 4.460000000000002]
[-3.9600000000000035, -1.3600000000000017, 4.009999999999996, 4.320000000000002]
[-3.3100000000000036, -1.0400000000000016, 4.519999999999996, 4.520000000000002]
[-4.010000000000003, -1.3600000000000017, 4.049999999999996, 4.380000000000003]
[-3.3600000000000034, -1.0400000000000016, 4.559999999999996, 4.580000000000003]
[-4.060000000000003, -1.3600000000000017, 4.089999999999996, 4.440000000000003]
[-3.4100000000000033, -1.0400000000000016, 4.599999999999996, 4.640000000000003]
[-4.110000000000003, -1.3600000000000017, 4.129999999999996, 4.5000000000000036]
[-3.460000000000003, -1.0400000000000016, 4.639999999999996, 4.700000000000004]
[-4.160000000000003, -1.3600000000000017, 4.169999999999996, 4.560000000000004]
[-3.510000000000003, -1.0400000000000016, 4.679999999999996, 4.760000000000004]
[-4.210000000000003, -1.3600000000000017, 4.209999999999996, 4.6200000000000045]
[-3.5600000000000027, -1.0400000000000016, 4.719999999999996, 4.820000000000005]
[-4.2600000000000025, -1.3600000000000017, 4.2499999999999964, 4.680000000000005]
[-3.6100000000000025, -1.0400000000000016, 4.759999999999996, 4.880000000000005]
[-4.310000000000002, -1.3600000000000017, 4.2899999999999965, 4.7400000000000055]
[-3.6600000000000024, -1.0400000000000016, 4.799999999999996, 4.940000000000006]
[-4.360000000000002, -1.3600000000000017, 4.3299999999999965, 4.800000000000006]
[-3.710000000000002, -1.0400000000000016, 4.839999999999996, 5.000000000000006]
[-4.410000000000002, -1.3600000000000017, 4.3699999999999966, 4.8600000000000065]
[-3.760000000000002, -1.0400000000000016, 4.879999999999996, 5.060000000000007]
[-4.460000000000002, -1.3600000000000017, 4.409999999999997, 4.920000000000007]
[-3.810000000000002, -1.0400000000000016, 4.919999999999996, 5.120000000000007]
[-4.510000000000002, -1.3600000000000017, 4.449999999999997, 4.9800000000000075]
[-3.8600000000000017, -1.0400000000000016, 4.959999999999996, 5.180000000000008]
[-4.560000000000001, -1.3600000000000017, 4.489999999999997, 5.040000000000008]
[-3.9100000000000015, -1.0400000000000016, 4.9999999999999964, 5.240000000000008]
[-4.610000000000001, -1.3600000000000017, 4.529999999999997, 5.1000000000000085]
[-3.9600000000000013, -1.0400000000000016, 5.0399999999999965, 5.300000000000009]
[-4.660000000000001, -1.3600000000000017, 4.569999999999997, 5.160000000000009]
[-4.010000000000001, -1.0400000000000016, 5.0799999999999965, 5.360000000000009]
[-4.65, -1.3600000000000017, 4.629999999999996, 5.210000000000009]
[-4.0, -1.0400000000000016, 5.139999999999996, 5.410000000000009]
[-4.7, -1.3600000000000017, 4.669999999999996, 5.270000000000009]
[-4.05, -1.0400000000000016, 5.179999999999996, 5.4700000000000095]
[-4.75, -1.3600000000000017, 4.709999999999996, 5.33000000000001]
[-4.1, -1.0400000000000016, 5.219999999999996, 5.53000000000001]
[-4.8, -1.3600000000000017, 4.7499999999999964, 5.39000000000001]
[-4.1499999999999995, -1.0400000000000016, 5.259999999999996, 5.5900000000000105]
[-4.85, -1.3600000000000017, 4.7899999999999965, 5.450000000000011]
[-4.199999999999999, -1.0400000000000016, 5.299999999999996, 5.650000000000011]
[-4.8999999999999995, -1.3600000000000017, 4.8299999999999965, 5.510000000000011]
[-4.249999999999999, -1.0400000000000016, 5.339999999999996, 5.7100000000000115]
[-4.949999999999999, -1.3600000000000017, 4.8699999999999966, 5.570000000000012]
[-4.299999999999999, -1.0400000000000016, 5.379999999999996, 5.770000000000012]
[-4.9399999999999995, -1.3600000000000017, 4.929999999999996, 5.620000000000012]
[-5.529999999999999, -1.6800000000000017, 4.449999999999996, 5.440000000000012]
[-4.8999999999999995, -1.3500000000000016, 5.049999999999995, 5.690000000000012]
[-5.489999999999999, -1.6700000000000017, 4.569999999999995, 5.510000000000012]
[-4.909999999999999, -1.4000000000000017, 5.079999999999995, 5.700000000000013]
[-5.499999999999999, -1.7200000000000017, 4.599999999999994, 5.520000000000013]
[-4.919999999999999, -1.4500000000000017, 5.109999999999994, 5.710000000000013]
[-5.509999999999999, -1.7700000000000018, 4.629999999999994, 5.530000000000014]
[-4.929999999999999, -1.5000000000000018, 5.1399999999999935, 5.720000000000014]
[-5.519999999999999, -1.8200000000000018, 4.659999999999993, 5.540000000000014]
[-4.939999999999999, -1.5500000000000018, 5.169999999999993, 5.730000000000015]
[-5.5299999999999985, -1.8700000000000019, 4.689999999999992, 5.550000000000015]
[-4.949999999999998, -1.6000000000000019, 5.199999999999992, 5.740000000000015]
[-5.539999999999998, -1.920000000000002, 4.719999999999992, 5.560000000000016]
[-4.959999999999998, -1.650000000000002, 5.2299999999999915, 5.750000000000016]
[-5.549999999999998, -1.970000000000002, 4.749999999999991, 5.570000000000016]
[-4.969999999999998, -1.700000000000002, 5.259999999999991, 5.760000000000017]
[-5.559999999999998, -2.0200000000000022, 4.7799999999999905, 5.580000000000017]
[-4.979999999999998, -1.7500000000000022, 5.28999999999999, 5.770000000000017]
[-5.569999999999998, -2.070000000000002, 4.80999999999999, 5.590000000000018]
[-4.9899999999999975, -1.800000000000002, 5.31999999999999, 5.780000000000018]
[-5.579999999999997, -2.120000000000002, 4.839999999999989, 5.600000000000018]
[-4.999999999999997, -1.8500000000000019, 5.349999999999989, 5.790000000000019]
[-5.589999999999997, -2.1700000000000017, 4.869999999999989, 5.610000000000019]
[-5.009999999999997, -1.9000000000000017, 5.379999999999988, 5.800000000000019]
[-5.599999999999997, -2.2200000000000015, 4.899999999999988, 5.62000000000002]
[-5.019999999999997, -1.9500000000000015, 5.409999999999988, 5.81000000000002]
[-5.609999999999997, -2.2700000000000014, 4.929999999999987, 5.63000000000002]
[-5.029999999999997, -2.0000000000000013, 5.439999999999987, 5.820000000000021]
[-5.6199999999999966, -2.320000000000001, 4.959999999999987, 5.640000000000021]
[-5.0399999999999965, -2.050000000000001, 5.469999999999986, 5.830000000000021]
[-5.629999999999996, -2.370000000000001, 4.989999999999986, 5.650000000000022]
[-5.049999999999996, -2.100000000000001, 5.499999999999986, 5.840000000000022]
[-4.419999999999996, -1.830000000000001, 5.989999999999986, 6.020000000000022]
[-5.059999999999997, -2.1500000000000012, 5.539999999999986, 5.870000000000021]
[-5.649999999999997, -2.4700000000000015, 5.059999999999986, 5.690000000000022]
[-5.069999999999997, -2.2000000000000015, 5.569999999999986, 5.880000000000022]
[-4.439999999999997, -1.9300000000000015, 6.059999999999986, 6.060000000000022]
[-5.0799999999999965, -2.2500000000000018, 5.609999999999986, 5.9100000000000215]
[-5.669999999999996, -2.570000000000002, 5.129999999999987, 5.730000000000022]
[-5.089999999999996, -2.300000000000002, 5.639999999999986, 5.920000000000022]
[-5.679999999999996, -2.620000000000002, 5.159999999999986, 5.740000000000022]
[-5.099999999999996, -2.350000000000002, 5.669999999999986, 5.930000000000023]
[-4.469999999999996, -2.080000000000002, 6.159999999999986, 6.1100000000000225]
[-5.109999999999996, -2.400000000000002, 5.709999999999986, 5.960000000000022]
[-5.699999999999996, -2.7200000000000024, 5.229999999999986, 5.7800000000000225]
[-5.119999999999996, -2.4500000000000024, 5.739999999999986, 5.970000000000023]
[-5.7099999999999955, -2.7700000000000022, 5.259999999999986, 5.790000000000023]
[-5.1299999999999955, -2.500000000000002, 5.769999999999985, 5.9800000000000235]
[-4.499999999999996, -2.230000000000002, 6.259999999999986, 6.160000000000023]
[-5.139999999999995, -2.5500000000000025, 5.809999999999985, 6.010000000000023]
[-5.729999999999995, -2.8700000000000028, 5.329999999999986, 5.830000000000023]
[-5.149999999999995, -2.6000000000000028, 5.839999999999986, 6.0200000000000236]
[-4.519999999999995, -2.3300000000000027, 6.329999999999986, 6.200000000000023]
[-5.159999999999995, -2.650000000000003, 5.879999999999986, 6.050000000000023]
[-5.749999999999995, -2.9700000000000033, 5.399999999999986, 5.870000000000023]
[-5.169999999999995, -2.7000000000000033, 5.909999999999986, 6.060000000000024]
[-5.7599999999999945, -3.020000000000003, 5.4299999999999855, 5.880000000000024]
[-5.179999999999994, -2.750000000000003, 5.939999999999985, 6.070000000000024]
[-4.529999999999994, -2.4300000000000033, 6.449999999999985, 6.270000000000024]
[-5.169999999999995, -2.7500000000000036, 5.999999999999985, 6.120000000000024]
[-5.7599999999999945, -3.070000000000004, 5.519999999999985, 5.940000000000024]
[-5.179999999999994, -2.800000000000004, 6.029999999999985, 6.130000000000025]
[-5.769999999999994, -3.1200000000000037, 5.549999999999985, 5.950000000000025]
[-5.189999999999994, -2.8500000000000036, 6.0599999999999845, 6.140000000000025]
[-5.779999999999994, -3.1700000000000035, 5.579999999999984, 5.960000000000026]
[-5.199999999999994, -2.9000000000000035, 6.089999999999984, 6.150000000000026]
[-5.789999999999994, -3.2200000000000033, 5.6099999999999834, 5.970000000000026]
[-5.209999999999994, -2.9500000000000033, 6.119999999999983, 6.160000000000027]
[-5.799999999999994, -3.270000000000003, 5.639999999999983, 5.980000000000027]
[-5.2199999999999935, -3.000000000000003, 6.149999999999983, 6.1700000000000275]
[-5.809999999999993, -3.320000000000003, 5.669999999999982, 5.990000000000028]
[-5.229999999999993, -3.050000000000003, 6.179999999999982, 6.180000000000028]
[-5.819999999999993, -3.3700000000000028, 5.6999999999999815, 6.000000000000028]
[-5.239999999999993, -3.1000000000000028, 6.209999999999981, 6.190000000000029]
[-5.829999999999993, -3.4200000000000026, 5.729999999999981, 6.010000000000029]
[-5.249999999999993, -3.1500000000000026, 6.239999999999981, 6.2000000000000295]
[-5.839999999999993, -3.4700000000000024, 5.75999999999998, 6.02000000000003]
[-5.259999999999993, -3.2000000000000024, 6.26999999999998, 6.21000000000003]
[-4.609999999999992, -2.8800000000000026, 6.77999999999998, 6.41000000000003]
[-5.249999999999993, -3.200000000000003, 6.32999999999998, 6.26000000000003]
[-5.839999999999993, -3.520000000000003, 5.84999999999998, 6.08000000000003]
[-5.259999999999993, -3.250000000000003, 6.35999999999998, 6.270000000000031]
[-5.8499999999999925, -3.570000000000003, 5.8799999999999795, 6.090000000000031]
[-5.2699999999999925, -3.300000000000003, 6.389999999999979, 6.280000000000031]
[-5.859999999999992, -3.6200000000000028, 5.909999999999979, 6.100000000000032]
[-5.279999999999992, -3.3500000000000028, 6.419999999999979, 6.290000000000032]
[-5.869999999999992, -3.6700000000000026, 5.939999999999978, 6.110000000000032]
[-5.289999999999992, -3.4000000000000026, 6.449999999999978, 6.300000000000033]
[-5.879999999999992, -3.7200000000000024, 5.9699999999999775, 6.120000000000033]
[-5.299999999999992, -3.4500000000000024, 6.479999999999977, 6.310000000000033]
[-5.889999999999992, -3.7700000000000022, 5.999999999999977, 6.130000000000034]
[-5.309999999999992, -3.500000000000002, 6.509999999999977, 6.320000000000034]
[-5.8999999999999915, -3.820000000000002, 6.029999999999976, 6.140000000000034]
[-5.319999999999991, -3.550000000000002, 6.539999999999976, 6.330000000000035]
[-5.909999999999991, -3.870000000000002, 6.059999999999976, 6.150000000000035]
Peso definido: 
[-5.329999999999991, -3.600000000000002, 6.569999999999975, 6.340000000000035]
Número de erros no teste: 5
Taxa de aprendizagem: 1.0

Epoca #1
Total de erros: 2
Epoca #2
Total de erros: 2
Epoca #3
Total de erros: 3
Epoca #4
Total de erros: 2
Epoca #5
Total de erros: 2
Epoca #6
Total de erros: 2
Epoca #7
Total de erros: 2
Epoca #8
Total de erros: 2
Epoca #9
Total de erros: 2
Epoca #10
Total de erros: 2
Epoca #11
Total de erros: 2
Epoca #12
Total de erros: 2
Epoca #13
Total de erros: 2
Epoca #14
Total de erros: 2
Epoca #15
Total de erros: 2
Epoca #16
Total de erros: 2
Epoca #17
Total de erros: 2
Epoca #18
Total de erros: 2
Epoca #19
Total de erros: 2
Epoca #20
Total de erros: 2
Epoca #21
Total de erros: 2
Epoca #22
Total de erros: 2
Epoca #23
Total de erros: 2
Epoca #24
Total de erros: 2
Epoca #25
Total de erros: 2
Epoca #26
Total de erros: 2
Epoca #27
Total de erros: 2
Epoca #28
Total de erros: 2
Epoca #29
Total de erros: 2
Epoca #30
Total de erros: 2
Epoca #31
Total de erros: 2
Epoca #32
Total de erros: 2
Epoca #33
Total de erros: 2
Epoca #34
Total de erros: 2
Epoca #35
Total de erros: 2
Epoca #36
Total de erros: 2
Epoca #37
Total de erros: 2
Epoca #38
Total de erros: 2
Epoca #39
Total de erros: 2
Epoca #40
Total de erros: 2
Epoca #41
Total de erros: 2
Epoca #42
Total de erros: 2
Epoca #43
Total de erros: 2
Epoca #44
Total de erros: 2
Epoca #45
Total de erros: 2
Epoca #46
Total de erros: 2
Epoca #47
Total de erros: 2
Epoca #48
Total de erros: 2
Epoca #49
Total de erros: 2
Epoca #50
Total de erros: 2
Epoca #51
Total de erros: 2
Epoca #52
Total de erros: 2
Epoca #53
Total de erros: 2
Epoca #54
Total de erros: 2
Epoca #55
Total de erros: 2
Epoca #56
Total de erros: 2
Epoca #57
Total de erros: 2
Epoca #58
Total de erros: 2
Epoca #59
Total de erros: 2
Epoca #60
Total de erros: 2
Epoca #61
Total de erros: 2
Epoca #62
Total de erros: 2
Epoca #63
Total de erros: 2
Epoca #64
Total de erros: 2
Epoca #65
Total de erros: 2
Epoca #66
Total de erros: 2
Epoca #67
Total de erros: 2
Epoca #68
Total de erros: 2
Epoca #69
Total de erros: 2
Epoca #70
Total de erros: 2
Epoca #71
Total de erros: 2
Epoca #72
Total de erros: 2
Epoca #73
Total de erros: 3
Epoca #74
Total de erros: 2
Epoca #75
Total de erros: 2
Epoca #76
Total de erros: 2
Epoca #77
Total de erros: 2
Epoca #78
Total de erros: 2
Epoca #79
Total de erros: 2
Epoca #80
Total de erros: 2
Epoca #81
Total de erros: 2
Epoca #82
Total de erros: 2
Epoca #83
Total de erros: 2
Epoca #84
Total de erros: 2
Epoca #85
Total de erros: 2
Epoca #86
Total de erros: 2
Epoca #87
Total de erros: 3
Epoca #88
Total de erros: 3
Epoca #89
Total de erros: 3
Epoca #90
Total de erros: 4
Epoca #91
Total de erros: 3
Epoca #92
Total de erros: 3
Epoca #93
Total de erros: 3
Epoca #94
Total de erros: 2
Epoca #95
Total de erros: 2
Epoca #96
Total de erros: 2
Epoca #97
Total de erros: 2
Epoca #98
Total de erros: 2
Epoca #99
Total de erros: 2
Epoca #100
Total de erros: 2
Epoca #101
Total de erros: 3
Epoca #102
Total de erros: 3
Epoca #103
Total de erros: 2
Epoca #104
Total de erros: 2
Epoca #105
Total de erros: 2
Epoca #106
Total de erros: 2
Epoca #107
Total de erros: 2
Epoca #108
Total de erros: 2
Epoca #109
Total de erros: 2
Epoca #110
Total de erros: 3
Epoca #111
Total de erros: 3
Epoca #112
Total de erros: 2
Epoca #113
Total de erros: 2
Epoca #114
Total de erros: 2
Epoca #115
Total de erros: 2
Epoca #116
Total de erros: 2
Epoca #117
Total de erros: 2
Epoca #118
Total de erros: 2
Epoca #119
Total de erros: 0
Histórico de pesos: 
[0.8, 0.4, 0.6, 0.9]
[-4.3, -3.1, -0.7999999999999999, 0.7]
[2.0, 0.19999999999999973, 5.2, 3.2]
[-3.0999999999999996, -3.3000000000000003, 3.8000000000000003, 3.0]
[3.2, -4.440892098500626e-16, 9.8, 5.5]
[-1.8999999999999995, -3.5000000000000004, 8.4, 5.3]
[-8.899999999999999, -6.700000000000001, 3.7, 3.9]
[-2.5999999999999988, -3.4000000000000012, 9.7, 6.4]
[-9.599999999999998, -6.600000000000001, 4.999999999999999, 5.0]
[-3.299999999999998, -3.3000000000000016, 11.0, 7.5]
[-10.299999999999997, -6.500000000000002, 6.3, 6.1]
[-3.9999999999999973, -3.200000000000002, 12.3, 8.6]
[-10.999999999999996, -6.400000000000002, 7.6000000000000005, 7.199999999999999]
[-4.699999999999997, -3.1000000000000023, 13.600000000000001, 9.7]
[-11.699999999999996, -6.3000000000000025, 8.900000000000002, 8.299999999999999]
[-5.399999999999996, -3.0000000000000027, 14.900000000000002, 10.799999999999999]
[-12.399999999999995, -6.200000000000003, 10.200000000000003, 9.399999999999999]
[-6.099999999999995, -2.900000000000003, 16.200000000000003, 11.899999999999999]
[-13.099999999999994, -6.100000000000003, 11.500000000000004, 10.499999999999998]
[-6.7999999999999945, -2.8000000000000034, 17.500000000000004, 12.999999999999998]
[-13.799999999999994, -6.0000000000000036, 12.800000000000004, 11.599999999999998]
[-7.499999999999994, -2.7000000000000037, 18.800000000000004, 14.099999999999998]
[-14.499999999999993, -5.900000000000004, 14.100000000000005, 12.699999999999998]
[-8.699999999999992, -3.2000000000000037, 19.200000000000003, 14.599999999999998]
[-15.699999999999992, -6.400000000000004, 14.500000000000004, 13.199999999999998]
[-9.399999999999991, -3.100000000000004, 20.500000000000004, 15.699999999999998]
[-16.39999999999999, -6.300000000000004, 15.800000000000004, 14.299999999999997]
[-10.59999999999999, -3.600000000000004, 20.900000000000006, 16.199999999999996]
[-17.59999999999999, -6.800000000000004, 16.200000000000006, 14.799999999999995]
[-11.79999999999999, -4.100000000000004, 21.300000000000004, 16.699999999999996]
[-18.79999999999999, -7.300000000000004, 16.600000000000005, 15.299999999999995]
[-12.49999999999999, -4.000000000000004, 22.600000000000005, 17.799999999999997]
[-19.49999999999999, -7.200000000000005, 17.900000000000006, 16.4]
[-13.699999999999989, -4.500000000000004, 23.000000000000007, 18.299999999999997]
[-20.69999999999999, -7.700000000000005, 18.300000000000008, 16.9]
[-14.399999999999988, -4.400000000000005, 24.300000000000008, 19.4]
[-21.399999999999988, -7.600000000000005, 19.60000000000001, 18.0]
[-15.599999999999987, -4.900000000000005, 24.70000000000001, 19.9]
[-22.599999999999987, -8.100000000000005, 20.00000000000001, 18.5]
[-16.299999999999986, -4.800000000000005, 26.00000000000001, 21.0]
[-23.299999999999986, -8.000000000000005, 21.30000000000001, 19.6]
[-17.499999999999986, -5.300000000000005, 26.400000000000013, 21.5]
[-24.499999999999986, -8.500000000000005, 21.700000000000014, 20.1]
[-18.199999999999985, -5.2000000000000055, 27.700000000000014, 22.6]
[-25.199999999999985, -8.400000000000006, 23.000000000000014, 21.200000000000003]
[-19.399999999999984, -5.7000000000000055, 28.100000000000016, 23.1]
[-26.399999999999984, -8.900000000000006, 23.400000000000016, 21.700000000000003]
[-20.099999999999984, -5.600000000000006, 29.400000000000016, 24.200000000000003]
[-27.099999999999984, -8.800000000000006, 24.700000000000017, 22.800000000000004]
[-21.299999999999983, -6.100000000000006, 29.80000000000002, 24.700000000000003]
[-28.299999999999983, -9.300000000000006, 25.10000000000002, 23.300000000000004]
[-21.999999999999982, -6.000000000000006, 31.10000000000002, 25.800000000000004]
[-28.999999999999982, -9.200000000000006, 26.40000000000002, 24.400000000000006]
[-23.19999999999998, -6.500000000000006, 31.50000000000002, 26.300000000000004]
[-30.19999999999998, -9.700000000000006, 26.800000000000022, 24.900000000000006]
[-24.39999999999998, -7.000000000000006, 31.90000000000002, 26.800000000000004]
[-30.799999999999983, -10.200000000000006, 27.40000000000002, 25.300000000000004]
[-24.499999999999982, -6.900000000000007, 33.40000000000002, 27.800000000000004]
[-31.499999999999982, -10.100000000000007, 28.70000000000002, 26.400000000000006]
[-25.69999999999998, -7.400000000000007, 33.80000000000002, 28.300000000000004]
[-32.09999999999998, -10.600000000000007, 29.30000000000002, 26.800000000000004]
[-26.29999999999998, -7.900000000000007, 34.40000000000002, 28.700000000000003]
[-32.69999999999998, -11.100000000000007, 29.90000000000002, 27.200000000000003]
[-26.89999999999998, -8.400000000000006, 35.00000000000002, 29.1]
[-33.29999999999998, -11.600000000000005, 30.50000000000002, 27.6]
[-27.499999999999982, -8.900000000000006, 35.60000000000002, 29.5]
[-34.399999999999984, -12.000000000000005, 30.700000000000024, 28.0]
[-28.099999999999984, -8.700000000000006, 36.700000000000024, 30.5]
[-34.499999999999986, -11.900000000000006, 32.200000000000024, 29.0]
[-28.699999999999985, -9.200000000000006, 37.300000000000026, 30.9]
[-35.09999999999999, -12.400000000000006, 32.800000000000026, 29.4]
[-29.299999999999986, -9.700000000000006, 37.90000000000003, 31.299999999999997]
[-36.19999999999999, -12.800000000000006, 33.00000000000003, 29.799999999999997]
[-30.399999999999988, -10.100000000000005, 38.10000000000003, 31.699999999999996]
[-35.89999999999999, -12.400000000000006, 34.10000000000003, 30.399999999999995]
[-30.09999999999999, -9.700000000000006, 39.20000000000003, 32.3]
[-36.49999999999999, -12.900000000000006, 34.70000000000003, 30.799999999999997]
[-30.699999999999992, -10.200000000000006, 39.80000000000003, 32.699999999999996]
[-37.599999999999994, -13.300000000000006, 34.900000000000034, 31.199999999999996]
[-31.799999999999994, -10.600000000000005, 40.000000000000036, 33.099999999999994]
[-37.3, -12.900000000000006, 36.000000000000036, 31.799999999999994]
[-31.499999999999996, -10.200000000000006, 41.10000000000004, 33.699999999999996]
[-37.9, -13.400000000000006, 36.60000000000004, 32.199999999999996]
[-32.1, -10.700000000000006, 41.70000000000004, 34.099999999999994]
[-39.0, -13.800000000000006, 36.80000000000004, 32.599999999999994]
[-33.2, -11.100000000000005, 41.90000000000004, 34.49999999999999]
[-38.7, -13.400000000000006, 37.90000000000004, 33.199999999999996]
[-32.900000000000006, -10.700000000000006, 43.00000000000004, 35.099999999999994]
[-39.300000000000004, -13.900000000000006, 38.50000000000004, 33.599999999999994]
[-33.50000000000001, -11.200000000000006, 43.600000000000044, 35.49999999999999]
[-40.400000000000006, -14.300000000000006, 38.700000000000045, 33.99999999999999]
[-34.60000000000001, -11.600000000000005, 43.80000000000005, 35.89999999999999]
[-40.10000000000001, -13.900000000000006, 39.80000000000005, 34.599999999999994]
[-34.30000000000001, -11.200000000000006, 44.90000000000005, 36.49999999999999]
[-40.70000000000001, -14.400000000000006, 40.40000000000005, 34.99999999999999]
[-34.90000000000001, -11.700000000000006, 45.50000000000005, 36.89999999999999]
[-41.80000000000001, -14.800000000000006, 40.60000000000005, 35.39999999999999]
[-36.000000000000014, -12.100000000000005, 45.70000000000005, 37.29999999999999]
[-41.500000000000014, -14.400000000000006, 41.70000000000005, 35.99999999999999]
[-34.40000000000001, -11.400000000000006, 47.60000000000005, 38.099999999999994]
[-40.80000000000001, -14.600000000000005, 43.10000000000005, 36.599999999999994]
[-33.70000000000001, -11.600000000000005, 49.00000000000005, 38.699999999999996]
[-40.70000000000001, -14.800000000000004, 44.30000000000005, 37.3]
[-34.20000000000001, -11.600000000000005, 49.40000000000005, 39.3]
[-41.20000000000001, -14.800000000000004, 44.700000000000045, 37.9]
[-34.70000000000001, -11.600000000000005, 49.80000000000005, 39.9]
[-41.70000000000001, -14.800000000000004, 45.100000000000044, 38.5]
[-35.20000000000001, -11.600000000000005, 50.200000000000045, 40.5]
[-42.20000000000001, -14.800000000000004, 45.50000000000004, 39.1]
[-35.70000000000001, -11.600000000000005, 50.600000000000044, 41.1]
[-42.70000000000001, -14.800000000000004, 45.90000000000004, 39.7]
[-36.20000000000001, -11.600000000000005, 51.00000000000004, 41.7]
[-43.20000000000001, -14.800000000000004, 46.30000000000004, 40.300000000000004]
[-36.70000000000001, -11.600000000000005, 51.40000000000004, 42.300000000000004]
[-43.70000000000001, -14.800000000000004, 46.70000000000004, 40.900000000000006]
[-37.20000000000001, -11.600000000000005, 51.80000000000004, 42.900000000000006]
[-44.20000000000001, -14.800000000000004, 47.10000000000004, 41.50000000000001]
[-37.70000000000001, -11.600000000000005, 52.20000000000004, 43.50000000000001]
[-44.70000000000001, -14.800000000000004, 47.500000000000036, 42.10000000000001]
[-38.20000000000001, -11.600000000000005, 52.60000000000004, 44.10000000000001]
[-45.20000000000001, -14.800000000000004, 47.900000000000034, 42.70000000000001]
[-38.70000000000001, -11.600000000000005, 53.000000000000036, 44.70000000000001]
[-45.70000000000001, -14.800000000000004, 48.30000000000003, 43.30000000000001]
[-39.20000000000001, -11.600000000000005, 53.400000000000034, 45.30000000000001]
[-46.20000000000001, -14.800000000000004, 48.70000000000003, 43.90000000000001]
[-39.70000000000001, -11.600000000000005, 53.80000000000003, 45.90000000000001]
[-46.70000000000001, -14.800000000000004, 49.10000000000003, 44.500000000000014]
[-40.20000000000001, -11.600000000000005, 54.20000000000003, 46.500000000000014]
[-47.20000000000001, -14.800000000000004, 49.50000000000003, 45.100000000000016]
[-40.70000000000001, -11.600000000000005, 54.60000000000003, 47.100000000000016]
[-47.70000000000001, -14.800000000000004, 49.90000000000003, 45.70000000000002]
[-41.20000000000001, -11.600000000000005, 55.00000000000003, 47.70000000000002]
[-47.60000000000001, -14.800000000000004, 50.50000000000003, 46.20000000000002]
[-41.10000000000001, -11.600000000000005, 55.60000000000003, 48.20000000000002]
[-48.10000000000001, -14.800000000000004, 50.90000000000003, 46.80000000000002]
[-41.60000000000001, -11.600000000000005, 56.00000000000003, 48.80000000000002]
[-48.60000000000001, -14.800000000000004, 51.300000000000026, 47.40000000000002]
[-42.10000000000001, -11.600000000000005, 56.40000000000003, 49.40000000000002]
[-49.10000000000001, -14.800000000000004, 51.700000000000024, 48.00000000000002]
[-42.60000000000001, -11.600000000000005, 56.800000000000026, 50.00000000000002]
[-49.60000000000001, -14.800000000000004, 52.10000000000002, 48.60000000000002]
[-43.10000000000001, -11.600000000000005, 57.200000000000024, 50.60000000000002]
[-50.10000000000001, -14.800000000000004, 52.50000000000002, 49.200000000000024]
[-43.60000000000001, -11.600000000000005, 57.60000000000002, 51.200000000000024]
[-50.60000000000001, -14.800000000000004, 52.90000000000002, 49.800000000000026]
[-44.10000000000001, -11.600000000000005, 58.00000000000002, 51.800000000000026]
[-50.50000000000001, -14.800000000000004, 53.50000000000002, 50.300000000000026]
[-56.400000000000006, -18.000000000000004, 48.700000000000024, 48.50000000000003]
[-50.10000000000001, -14.700000000000003, 54.700000000000024, 51.00000000000003]
[-56.00000000000001, -17.900000000000002, 49.90000000000003, 49.20000000000003]
[-50.20000000000001, -15.200000000000003, 55.00000000000003, 51.10000000000003]
[-56.10000000000001, -18.400000000000002, 50.20000000000003, 49.30000000000003]
[-50.30000000000001, -15.700000000000003, 55.30000000000003, 51.20000000000003]
[-56.20000000000001, -18.900000000000002, 50.500000000000036, 49.400000000000034]
[-50.40000000000001, -16.200000000000003, 55.60000000000004, 51.30000000000003]
[-56.30000000000001, -19.400000000000002, 50.80000000000004, 49.500000000000036]
[-50.500000000000014, -16.700000000000003, 55.90000000000004, 51.400000000000034]
[-56.40000000000001, -19.900000000000002, 51.100000000000044, 49.60000000000004]
[-50.600000000000016, -17.200000000000003, 56.200000000000045, 51.500000000000036]
[-56.500000000000014, -20.400000000000002, 51.40000000000005, 49.70000000000004]
[-50.70000000000002, -17.700000000000003, 56.50000000000005, 51.60000000000004]
[-56.600000000000016, -20.900000000000002, 51.70000000000005, 49.80000000000004]
[-50.80000000000002, -18.200000000000003, 56.800000000000054, 51.70000000000004]
[-56.70000000000002, -21.400000000000002, 52.00000000000006, 49.90000000000004]
[-50.90000000000002, -18.700000000000003, 57.10000000000006, 51.80000000000004]
[-56.80000000000002, -21.900000000000002, 52.30000000000006, 50.00000000000004]
[-51.00000000000002, -19.200000000000003, 57.40000000000006, 51.90000000000004]
[-56.90000000000002, -22.400000000000002, 52.600000000000065, 50.100000000000044]
[-51.10000000000002, -19.700000000000003, 57.70000000000007, 52.00000000000004]
[-57.00000000000002, -22.900000000000002, 52.90000000000007, 50.200000000000045]
[-51.200000000000024, -20.200000000000003, 58.00000000000007, 52.100000000000044]
[-57.10000000000002, -23.400000000000002, 53.200000000000074, 50.30000000000005]
[-51.300000000000026, -20.700000000000003, 58.300000000000075, 52.200000000000045]
[-57.200000000000024, -23.900000000000002, 53.50000000000008, 50.40000000000005]
[-51.40000000000003, -21.200000000000003, 58.60000000000008, 52.30000000000005]
[-57.300000000000026, -24.400000000000002, 53.80000000000008, 50.50000000000005]
[-51.50000000000003, -21.700000000000003, 58.900000000000084, 52.40000000000005]
[-45.20000000000003, -19.000000000000004, 63.80000000000008, 54.200000000000045]
[-51.60000000000003, -22.200000000000003, 59.30000000000008, 52.700000000000045]
[-57.50000000000003, -25.400000000000002, 54.500000000000085, 50.90000000000005]
[-51.70000000000003, -22.700000000000003, 59.60000000000009, 52.80000000000005]
[-57.60000000000003, -25.900000000000002, 54.80000000000009, 51.00000000000005]
[-51.80000000000003, -23.200000000000003, 59.90000000000009, 52.90000000000005]
[-45.500000000000036, -20.500000000000004, 64.8000000000001, 54.700000000000045]
[-51.900000000000034, -23.700000000000003, 60.3000000000001, 53.200000000000045]
[-57.80000000000003, -26.900000000000002, 55.5000000000001, 51.40000000000005]
[-52.000000000000036, -24.200000000000003, 60.6000000000001, 53.30000000000005]
[-45.70000000000004, -21.500000000000004, 65.5000000000001, 55.100000000000044]
[-52.10000000000004, -24.700000000000003, 61.0000000000001, 53.600000000000044]
[-58.000000000000036, -27.900000000000002, 56.2000000000001, 51.80000000000005]
[-52.20000000000004, -25.200000000000003, 61.300000000000104, 53.700000000000045]
[-58.10000000000004, -28.400000000000002, 56.50000000000011, 51.90000000000005]
[-52.30000000000004, -25.700000000000003, 61.60000000000011, 53.80000000000005]
[-45.80000000000004, -22.500000000000004, 66.7000000000001, 55.80000000000005]
[-52.20000000000004, -25.700000000000003, 62.2000000000001, 54.30000000000005]
[-58.10000000000004, -28.900000000000002, 57.400000000000105, 52.50000000000005]
[-52.30000000000004, -26.200000000000003, 62.50000000000011, 54.40000000000005]
[-58.20000000000004, -29.400000000000002, 57.70000000000011, 52.60000000000005]
[-52.40000000000004, -26.700000000000003, 62.80000000000011, 54.50000000000005]
[-58.30000000000004, -29.900000000000002, 58.000000000000114, 52.70000000000005]
[-52.50000000000004, -27.200000000000003, 63.100000000000115, 54.60000000000005]
[-58.40000000000004, -30.400000000000002, 58.30000000000012, 52.800000000000054]
[-52.600000000000044, -27.700000000000003, 63.40000000000012, 54.70000000000005]
[-58.50000000000004, -30.900000000000002, 58.60000000000012, 52.900000000000055]
[-52.700000000000045, -28.200000000000003, 63.700000000000124, 54.800000000000054]
[-58.600000000000044, -31.400000000000002, 58.90000000000013, 53.00000000000006]
[-52.80000000000005, -28.700000000000003, 64.00000000000013, 54.900000000000055]
[-58.700000000000045, -31.900000000000002, 59.20000000000013, 53.10000000000006]
[-52.90000000000005, -29.200000000000003, 64.30000000000013, 55.00000000000006]
[-58.80000000000005, -32.400000000000006, 59.50000000000013, 53.20000000000006]
[-53.00000000000005, -29.700000000000006, 64.60000000000012, 55.10000000000006]
[-58.90000000000005, -32.900000000000006, 59.800000000000125, 53.30000000000006]
[-53.10000000000005, -30.200000000000006, 64.90000000000012, 55.20000000000006]
[-46.60000000000005, -27.000000000000007, 70.00000000000011, 57.20000000000006]
[-53.00000000000005, -30.200000000000006, 65.50000000000011, 55.70000000000006]
[-58.90000000000005, -33.400000000000006, 60.70000000000012, 53.90000000000006]
[-53.10000000000005, -30.700000000000006, 65.80000000000011, 55.80000000000006]
[-59.00000000000005, -33.900000000000006, 61.000000000000114, 54.000000000000064]
[-53.20000000000005, -31.200000000000006, 66.10000000000011, 55.90000000000006]
[-59.10000000000005, -34.400000000000006, 61.30000000000011, 54.100000000000065]
[-53.300000000000054, -31.700000000000006, 66.4000000000001, 56.000000000000064]
[-59.20000000000005, -34.900000000000006, 61.60000000000011, 54.20000000000007]
[-53.400000000000055, -32.2, 66.7000000000001, 56.100000000000065]
[-59.300000000000054, -35.400000000000006, 61.900000000000105, 54.30000000000007]
[-53.50000000000006, -32.7, 67.0000000000001, 56.20000000000007]
[-59.400000000000055, -35.900000000000006, 62.2000000000001, 54.40000000000007]
[-53.60000000000006, -33.2, 67.3000000000001, 56.30000000000007]
[-59.50000000000006, -36.400000000000006, 62.5000000000001, 54.50000000000007]
[-53.70000000000006, -33.7, 67.6000000000001, 56.40000000000007]
[-59.60000000000006, -36.900000000000006, 62.8000000000001, 54.60000000000007]
[-53.80000000000006, -34.2, 67.90000000000009, 56.50000000000007]
[-59.70000000000006, -37.400000000000006, 63.100000000000094, 54.700000000000074]
[-53.90000000000006, -34.7, 68.20000000000009, 56.60000000000007]
[-47.40000000000006, -31.500000000000004, 73.30000000000008, 58.60000000000007]
[-53.80000000000006, -34.7, 68.80000000000008, 57.10000000000007]
[-59.70000000000006, -37.900000000000006, 64.00000000000009, 55.300000000000075]
[-53.90000000000006, -35.2, 69.10000000000008, 57.200000000000074]
[-59.80000000000006, -38.400000000000006, 64.30000000000008, 55.40000000000008]
[-54.000000000000064, -35.7, 69.40000000000008, 57.300000000000075]
[-59.90000000000006, -38.900000000000006, 64.60000000000008, 55.50000000000008]
[-54.100000000000065, -36.2, 69.70000000000007, 57.40000000000008]
[-60.000000000000064, -39.400000000000006, 64.90000000000008, 55.60000000000008]
[-54.20000000000007, -36.7, 70.00000000000007, 57.50000000000008]
[-60.100000000000065, -39.900000000000006, 65.20000000000007, 55.70000000000008]
[-54.30000000000007, -37.2, 70.30000000000007, 57.60000000000008]
[-60.20000000000007, -40.400000000000006, 65.50000000000007, 55.80000000000008]
[-54.40000000000007, -37.7, 70.60000000000007, 57.70000000000008]
[-60.30000000000007, -40.900000000000006, 65.80000000000007, 55.900000000000084]
[-54.50000000000007, -38.2, 70.90000000000006, 57.80000000000008]
[-60.40000000000007, -41.400000000000006, 66.10000000000007, 56.000000000000085]
Peso definido: 
[-54.60000000000007, -38.7, 71.20000000000006, 57.900000000000084]
Número de erros no teste: 6
Taxa de aprendizagem: 10.0

Epoca #1
Total de erros: 2
Epoca #2
Total de erros: 2
Epoca #3
Total de erros: 3
Epoca #4
Total de erros: 2
Epoca #5
Total de erros: 2
Epoca #6
Total de erros: 2
Epoca #7
Total de erros: 2
Epoca #8
Total de erros: 2
Epoca #9
Total de erros: 2
Epoca #10
Total de erros: 2
Epoca #11
Total de erros: 2
Epoca #12
Total de erros: 2
Epoca #13
Total de erros: 2
Epoca #14
Total de erros: 2
Epoca #15
Total de erros: 2
Epoca #16
Total de erros: 2
Epoca #17
Total de erros: 2
Epoca #18
Total de erros: 2
Epoca #19
Total de erros: 2
Epoca #20
Total de erros: 2
Epoca #21
Total de erros: 2
Epoca #22
Total de erros: 2
Epoca #23
Total de erros: 2
Epoca #24
Total de erros: 2
Epoca #25
Total de erros: 2
Epoca #26
Total de erros: 2
Epoca #27
Total de erros: 2
Epoca #28
Total de erros: 2
Epoca #29
Total de erros: 2
Epoca #30
Total de erros: 2
Epoca #31
Total de erros: 2
Epoca #32
Total de erros: 2
Epoca #33
Total de erros: 2
Epoca #34
Total de erros: 2
Epoca #35
Total de erros: 2
Epoca #36
Total de erros: 2
Epoca #37
Total de erros: 2
Epoca #38
Total de erros: 2
Epoca #39
Total de erros: 2
Epoca #40
Total de erros: 2
Epoca #41
Total de erros: 2
Epoca #42
Total de erros: 2
Epoca #43
Total de erros: 2
Epoca #44
Total de erros: 2
Epoca #45
Total de erros: 2
Epoca #46
Total de erros: 2
Epoca #47
Total de erros: 2
Epoca #48
Total de erros: 2
Epoca #49
Total de erros: 2
Epoca #50
Total de erros: 2
Epoca #51
Total de erros: 2
Epoca #52
Total de erros: 2
Epoca #53
Total de erros: 2
Epoca #54
Total de erros: 2
Epoca #55
Total de erros: 2
Epoca #56
Total de erros: 2
Epoca #57
Total de erros: 2
Epoca #58
Total de erros: 2
Epoca #59
Total de erros: 2
Epoca #60
Total de erros: 2
Epoca #61
Total de erros: 2
Epoca #62
Total de erros: 2
Epoca #63
Total de erros: 2
Epoca #64
Total de erros: 2
Epoca #65
Total de erros: 2
Epoca #66
Total de erros: 2
Epoca #67
Total de erros: 2
Epoca #68
Total de erros: 2
Epoca #69
Total de erros: 2
Epoca #70
Total de erros: 2
Epoca #71
Total de erros: 2
Epoca #72
Total de erros: 3
Epoca #73
Total de erros: 2
Epoca #74
Total de erros: 2
Epoca #75
Total de erros: 2
Epoca #76
Total de erros: 2
Epoca #77
Total de erros: 2
Epoca #78
Total de erros: 2
Epoca #79
Total de erros: 2
Epoca #80
Total de erros: 2
Epoca #81
Total de erros: 2
Epoca #82
Total de erros: 2
Epoca #83
Total de erros: 2
Epoca #84
Total de erros: 3
Epoca #85
Total de erros: 2
Epoca #86
Total de erros: 4
Epoca #87
Total de erros: 3
Epoca #88
Total de erros: 3
Epoca #89
Total de erros: 4
Epoca #90
Total de erros: 4
Epoca #91
Total de erros: 3
Epoca #92
Total de erros: 2
Epoca #93
Total de erros: 2
Epoca #94
Total de erros: 2
Epoca #95
Total de erros: 2
Epoca #96
Total de erros: 2
Epoca #97
Total de erros: 2
Epoca #98
Total de erros: 3
Epoca #99
Total de erros: 3
Epoca #100
Total de erros: 2
Epoca #101
Total de erros: 2
Epoca #102
Total de erros: 2
Epoca #103
Total de erros: 2
Epoca #104
Total de erros: 2
Epoca #105
Total de erros: 2
Epoca #106
Total de erros: 2
Epoca #107
Total de erros: 3
Epoca #108
Total de erros: 3
Epoca #109
Total de erros: 2
Epoca #110
Total de erros: 2
Epoca #111
Total de erros: 2
Epoca #112
Total de erros: 2
Epoca #113
Total de erros: 2
Epoca #114
Total de erros: 2
Epoca #115
Total de erros: 2
Epoca #116
Total de erros: 2
Epoca #117
Total de erros: 0
Histórico de pesos: 
[0.5, 0.3, 0.5, 0.2]
[-50.5, -34.7, -13.5, -1.8]
[12.5, -1.7000000000000028, 46.5, 23.2]
[-38.5, -36.7, 32.5, 21.2]
[24.5, -3.700000000000003, 92.5, 46.2]
[-26.5, -38.7, 78.5, 44.2]
[-96.5, -70.7, 31.5, 30.200000000000003]
[-33.5, -37.7, 91.5, 55.2]
[-103.5, -69.7, 44.5, 41.2]
[-40.5, -36.7, 104.5, 66.2]
[-110.5, -68.7, 57.5, 52.2]
[-47.5, -35.7, 117.5, 77.2]
[-117.5, -67.7, 70.5, 63.2]
[-54.5, -34.7, 130.5, 88.2]
[-124.5, -66.7, 83.5, 74.2]
[-61.5, -33.7, 143.5, 99.2]
[-131.5, -65.7, 96.5, 85.2]
[-68.5, -32.7, 156.5, 110.2]
[-138.5, -64.7, 109.5, 96.2]
[-75.5, -31.700000000000003, 169.5, 121.2]
[-145.5, -63.7, 122.5, 107.2]
[-82.5, -30.700000000000003, 182.5, 132.2]
[-152.5, -62.7, 135.5, 118.19999999999999]
[-89.5, -29.700000000000003, 195.5, 143.2]
[-159.5, -61.7, 148.5, 129.2]
[-101.5, -34.7, 199.5, 148.2]
[-171.5, -66.7, 152.5, 134.2]
[-108.5, -33.7, 212.5, 159.2]
[-178.5, -65.7, 165.5, 145.2]
[-120.5, -38.7, 216.5, 164.2]
[-190.5, -70.7, 169.5, 150.2]
[-127.5, -37.7, 229.5, 175.2]
[-197.5, -69.7, 182.5, 161.2]
[-139.5, -42.7, 233.5, 180.2]
[-209.5, -74.7, 186.5, 166.2]
[-146.5, -41.7, 246.5, 191.2]
[-216.5, -73.7, 199.5, 177.2]
[-158.5, -46.7, 250.5, 196.2]
[-228.5, -78.7, 203.5, 182.2]
[-165.5, -45.7, 263.5, 207.2]
[-235.5, -77.7, 216.5, 193.2]
[-177.5, -50.7, 267.5, 212.2]
[-247.5, -82.7, 220.5, 198.2]
[-184.5, -49.7, 280.5, 223.2]
[-254.5, -81.7, 233.5, 209.2]
[-196.5, -54.7, 284.5, 228.2]
[-266.5, -86.7, 237.5, 214.2]
[-203.5, -53.7, 297.5, 239.2]
[-273.5, -85.7, 250.5, 225.2]
[-215.5, -58.7, 301.5, 244.2]
[-285.5, -90.7, 254.5, 230.2]
[-227.5, -63.7, 305.5, 249.2]
[-291.5, -95.7, 260.5, 234.2]
[-228.5, -62.7, 320.5, 259.2]
[-298.5, -94.7, 273.5, 245.2]
[-240.5, -67.7, 324.5, 264.2]
[-304.5, -99.7, 279.5, 249.2]
[-246.5, -72.7, 330.5, 268.2]
[-310.5, -104.7, 285.5, 253.2]
[-252.5, -77.7, 336.5, 272.2]
[-316.5, -109.7, 291.5, 257.2]
[-258.5, -82.7, 342.5, 276.2]
[-322.5, -114.7, 297.5, 261.2]
[-264.5, -87.7, 348.5, 280.2]
[-328.5, -119.7, 303.5, 265.2]
[-270.5, -92.7, 354.5, 284.2]
[-339.5, -123.7, 305.5, 269.2]
[-276.5, -90.7, 365.5, 294.2]
[-340.5, -122.7, 320.5, 279.2]
[-282.5, -95.7, 371.5, 298.2]
[-346.5, -127.7, 326.5, 283.2]
[-288.5, -100.7, 377.5, 302.2]
[-357.5, -131.7, 328.5, 287.2]
[-299.5, -104.69999999999999, 379.5, 306.2]
[-354.5, -127.69999999999999, 339.5, 293.2]
[-296.5, -100.69999999999999, 390.5, 312.2]
[-360.5, -132.7, 345.5, 297.2]
[-302.5, -105.69999999999999, 396.5, 316.2]
[-371.5, -136.7, 347.5, 301.2]
[-313.5, -109.69999999999999, 398.5, 320.2]
[-368.5, -132.7, 358.5, 307.2]
[-310.5, -105.69999999999999, 409.5, 326.2]
[-374.5, -137.7, 364.5, 311.2]
[-316.5, -110.69999999999999, 415.5, 330.2]
[-385.5, -141.7, 366.5, 315.2]
[-327.5, -114.69999999999999, 417.5, 334.2]
[-382.5, -137.7, 377.5, 321.2]
[-324.5, -110.69999999999999, 428.5, 340.2]
[-388.5, -142.7, 383.5, 325.2]
[-330.5, -115.69999999999999, 434.5, 344.2]
[-399.5, -146.7, 385.5, 329.2]
[-341.5, -119.69999999999999, 436.5, 348.2]
[-396.5, -142.7, 396.5, 335.2]
[-338.5, -115.69999999999999, 447.5, 354.2]
[-402.5, -147.7, 402.5, 339.2]
[-344.5, -120.69999999999999, 453.5, 358.2]
[-413.5, -151.7, 404.5, 343.2]
[-355.5, -124.69999999999999, 455.5, 362.2]
[-410.5, -147.7, 415.5, 349.2]
[-339.5, -117.69999999999999, 474.5, 370.2]
[-403.5, -149.7, 429.5, 355.2]
[-332.5, -119.69999999999999, 488.5, 376.2]
[-402.5, -151.7, 441.5, 362.2]
[-337.5, -119.69999999999999, 492.5, 382.2]
[-407.5, -151.7, 445.5, 368.2]
[-342.5, -119.69999999999999, 496.5, 388.2]
[-412.5, -151.7, 449.5, 374.2]
[-347.5, -119.69999999999999, 500.5, 394.2]
[-417.5, -151.7, 453.5, 380.2]
[-352.5, -119.69999999999999, 504.5, 400.2]
[-422.5, -151.7, 457.5, 386.2]
[-357.5, -119.69999999999999, 508.5, 406.2]
[-427.5, -151.7, 461.5, 392.2]
[-362.5, -119.69999999999999, 512.5, 412.2]
[-432.5, -151.7, 465.5, 398.2]
[-367.5, -119.69999999999999, 516.5, 418.2]
[-437.5, -151.7, 469.5, 404.2]
[-372.5, -119.69999999999999, 520.5, 424.2]
[-442.5, -151.7, 473.5, 410.2]
[-377.5, -119.69999999999999, 524.5, 430.2]
[-447.5, -151.7, 477.5, 416.2]
[-382.5, -119.69999999999999, 528.5, 436.2]
[-452.5, -151.7, 481.5, 422.2]
[-387.5, -119.69999999999999, 532.5, 442.2]
[-457.5, -151.7, 485.5, 428.2]
[-392.5, -119.69999999999999, 536.5, 448.2]
[-462.5, -151.7, 489.5, 434.2]
[-397.5, -119.69999999999999, 540.5, 454.2]
[-467.5, -151.7, 493.5, 440.2]
[-402.5, -119.69999999999999, 544.5, 460.2]
[-472.5, -151.7, 497.5, 446.2]
[-407.5, -119.69999999999999, 548.5, 466.2]
[-471.5, -151.7, 503.5, 451.2]
[-406.5, -119.69999999999999, 554.5, 471.2]
[-476.5, -151.7, 507.5, 457.2]
[-411.5, -119.69999999999999, 558.5, 477.2]
[-481.5, -151.7, 511.5, 463.2]
[-416.5, -119.69999999999999, 562.5, 483.2]
[-486.5, -151.7, 515.5, 469.2]
[-421.5, -119.69999999999999, 566.5, 489.2]
[-491.5, -151.7, 519.5, 475.2]
[-426.5, -119.69999999999999, 570.5, 495.2]
[-496.5, -151.7, 523.5, 481.2]
[-431.5, -119.69999999999999, 574.5, 501.2]
[-495.5, -151.7, 529.5, 486.2]
[-554.5, -183.7, 481.5, 468.2]
[-491.5, -150.7, 541.5, 493.2]
[-550.5, -182.7, 493.5, 475.2]
[-492.5, -155.7, 544.5, 494.2]
[-551.5, -187.7, 496.5, 476.2]
[-493.5, -160.7, 547.5, 495.2]
[-552.5, -192.7, 499.5, 477.2]
[-494.5, -165.7, 550.5, 496.2]
[-553.5, -197.7, 502.5, 478.2]
[-495.5, -170.7, 553.5, 497.2]
[-554.5, -202.7, 505.5, 479.2]
[-496.5, -175.7, 556.5, 498.2]
[-555.5, -207.7, 508.5, 480.2]
[-497.5, -180.7, 559.5, 499.2]
[-556.5, -212.7, 511.5, 481.2]
[-498.5, -185.7, 562.5, 500.2]
[-557.5, -217.7, 514.5, 482.2]
[-499.5, -190.7, 565.5, 501.2]
[-558.5, -222.7, 517.5, 483.2]
[-500.5, -195.7, 568.5, 502.2]
[-559.5, -227.7, 520.5, 484.2]
[-501.5, -200.7, 571.5, 503.2]
[-560.5, -232.7, 523.5, 485.2]
[-502.5, -205.7, 574.5, 504.2]
[-561.5, -237.7, 526.5, 486.2]
[-503.5, -210.7, 577.5, 505.2]
[-440.5, -183.7, 626.5, 523.2]
[-510.5, -215.7, 579.5, 509.20000000000005]
[-445.5, -183.7, 630.5, 529.2]
[-509.5, -215.7, 585.5, 514.2]
[-568.5, -247.7, 537.5, 496.20000000000005]
[-510.5, -220.7, 588.5, 515.2]
[-447.5, -193.7, 637.5, 533.2]
[-511.5, -225.7, 592.5, 518.2]
[-570.5, -257.7, 544.5, 500.20000000000005]
[-512.5, -230.7, 595.5, 519.2]
[-571.5, -262.7, 547.5, 501.20000000000005]
[-513.5, -235.7, 598.5, 520.2]
[-450.5, -208.7, 647.5, 538.2]
[-514.5, -240.7, 602.5, 523.2]
[-573.5, -272.7, 554.5, 505.20000000000005]
[-515.5, -245.7, 605.5, 524.2]
[-450.5, -213.7, 656.5, 544.2]
[-520.5, -245.7, 609.5, 530.2]
[-579.5, -277.7, 561.5, 512.2]
[-521.5, -250.7, 612.5, 531.2]
[-456.5, -218.7, 663.5, 551.2]
[-520.5, -250.7, 618.5, 536.2]
[-579.5, -282.7, 570.5, 518.2]
[-521.5, -255.7, 621.5, 537.2]
[-580.5, -287.7, 573.5, 519.2]
[-522.5, -260.7, 624.5, 538.2]
[-581.5, -292.7, 576.5, 520.2]
[-523.5, -265.7, 627.5, 539.2]
[-582.5, -297.7, 579.5, 521.2]
[-524.5, -270.7, 630.5, 540.2]
[-583.5, -302.7, 582.5, 522.2]
[-525.5, -275.7, 633.5, 541.2]
[-584.5, -307.7, 585.5, 523.2]
[-526.5, -280.7, 636.5, 542.2]
[-585.5, -312.7, 588.5, 524.2]
[-527.5, -285.7, 639.5, 543.2]
[-586.5, -317.7, 591.5, 525.2]
[-528.5, -290.7, 642.5, 544.2]
[-463.5, -258.7, 693.5, 564.2]
[-527.5, -290.7, 648.5, 549.2]
[-586.5, -322.7, 600.5, 531.2]
[-528.5, -295.7, 651.5, 550.2]
[-587.5, -327.7, 603.5, 532.2]
[-529.5, -300.7, 654.5, 551.2]
[-588.5, -332.7, 606.5, 533.2]
[-530.5, -305.7, 657.5, 552.2]
[-589.5, -337.7, 609.5, 534.2]
[-531.5, -310.7, 660.5, 553.2]
[-590.5, -342.7, 612.5, 535.2]
[-532.5, -315.7, 663.5, 554.2]
[-591.5, -347.7, 615.5, 536.2]
[-533.5, -320.7, 666.5, 555.2]
[-592.5, -352.7, 618.5, 537.2]
[-534.5, -325.7, 669.5, 556.2]
[-593.5, -357.7, 621.5, 538.2]
[-535.5, -330.7, 672.5, 557.2]
[-594.5, -362.7, 624.5, 539.2]
[-536.5, -335.7, 675.5, 558.2]
[-471.5, -303.7, 726.5, 578.2]
[-535.5, -335.7, 681.5, 563.2]
[-594.5, -367.7, 633.5, 545.2]
[-536.5, -340.7, 684.5, 564.2]
[-595.5, -372.7, 636.5, 546.2]
[-537.5, -345.7, 687.5, 565.2]
[-596.5, -377.7, 639.5, 547.2]
[-538.5, -350.7, 690.5, 566.2]
[-597.5, -382.7, 642.5, 548.2]
[-539.5, -355.7, 693.5, 567.2]
[-598.5, -387.7, 645.5, 549.2]
[-540.5, -360.7, 696.5, 568.2]
[-599.5, -392.7, 648.5, 550.2]
[-541.5, -365.7, 699.5, 569.2]
[-600.5, -397.7, 651.5, 551.2]
[-542.5, -370.7, 702.5, 570.2]
[-601.5, -402.7, 654.5, 552.2]
[-543.5, -375.7, 705.5, 571.2]
[-602.5, -407.7, 657.5, 553.2]
Peso definido: 
[-544.5, -380.7, 708.5, 572.2]
Número de erros no teste: 6
Média de erros: 5.666666666666667
Desvio: 0.4714045207910317
